\BOOKMARK [1][-]{section.1}{Introducci\363n al Sistema Planthy}{}% 1
\BOOKMARK [2][-]{subsection.1.1}{Qu\351 es Planthy?}{section.1}% 2
\BOOKMARK [2][-]{subsection.1.2}{Organizaci\363n del manual}{section.1}% 3
\BOOKMARK [1][-]{section.2}{Arquitectura general del sistema}{}% 4
\BOOKMARK [1][-]{section.3}{Sensores y disposidivos utilizados}{}% 5
\BOOKMARK [2][-]{subsection.3.1}{Arduino}{section.3}% 6
\BOOKMARK [2][-]{subsection.3.2}{Raspberry Pi}{section.3}% 7
\BOOKMARK [2][-]{subsection.3.3}{Sensor de humedad y temperatura}{section.3}% 8
\BOOKMARK [2][-]{subsection.3.4}{Sensor de luz}{section.3}% 9
\BOOKMARK [2][-]{subsection.3.5}{Bomba de agua}{section.3}% 10
\BOOKMARK [2][-]{subsection.3.6}{C\341mara}{section.3}% 11
\BOOKMARK [2][-]{subsection.3.7}{Pantalla}{section.3}% 12
\BOOKMARK [1][-]{section.4}{Utilizando Planthy}{}% 13
\BOOKMARK [2][-]{subsection.4.1}{Interfaz grafica}{section.4}% 14
\BOOKMARK [1][-]{section.5}{An\341lisis de costos}{}% 15
\BOOKMARK [1][-]{section.6}{Links}{}% 16
\BOOKMARK [2][-]{subsection.6.1}{DHT11 Temperature and Relative Humidity Sensor Module for arduino:}{section.6}% 17
\BOOKMARK [2][-]{subsection.6.2}{Sensor luz Fotoresistencia para Arduino:}{section.6}% 18
\BOOKMARK [2][-]{subsection.6.3}{M\363dulo RGB:}{section.6}% 19
\BOOKMARK [2][-]{subsection.6.4}{Sensor de agua}{section.6}% 20
